  abmSimulator.cpp
d:\dev\project\finalyrproject\finalyrproject\abmsimulator.cpp(121): warning C4244: '=': conversion from 'float' to 'int', possible loss of data
d:\dev\project\finalyrproject\finalyrproject\abmsimulator.cpp(593): warning C4018: '<': signed/unsigned mismatch
d:\dev\project\finalyrproject\finalyrproject\abmsimulator.cpp(688): warning C4018: '<': signed/unsigned mismatch
d:\dev\project\finalyrproject\finalyrproject\abmsimulator.cpp(691): warning C4018: '<': signed/unsigned mismatch
d:\dev\project\finalyrproject\finalyrproject\abmsimulator.cpp(967): warning C4018: '>': signed/unsigned mismatch
d:\dev\project\finalyrproject\finalyrproject\abmsimulator.cpp(989): warning C4018: '<': signed/unsigned mismatch
d:\dev\project\finalyrproject\finalyrproject\abmsimulator.cpp(1013): warning C4018: '>': signed/unsigned mismatch
d:\dev\project\finalyrproject\finalyrproject\abmsimulator.cpp(1034): warning C4018: '<': signed/unsigned mismatch
d:\dev\project\finalyrproject\finalyrproject\abmsimulator.cpp(1145): warning C4018: '>': signed/unsigned mismatch
d:\dev\project\finalyrproject\finalyrproject\abmsimulator.cpp(1155): warning C4018: '<': signed/unsigned mismatch
d:\dev\project\finalyrproject\finalyrproject\abmsimulator.cpp(1165): warning C4018: '>': signed/unsigned mismatch
d:\dev\project\finalyrproject\finalyrproject\abmsimulator.cpp(1175): warning C4018: '<': signed/unsigned mismatch
d:\dev\project\finalyrproject\finalyrproject\abmsimulator.cpp(1175): warning C4018: '>': signed/unsigned mismatch
  environment.cpp
d:\dev\project\finalyrproject\finalyrproject\environment.cpp(19): warning C4018: '<': signed/unsigned mismatch
d:\dev\project\finalyrproject\finalyrproject\environment.cpp(22): warning C4018: '<': signed/unsigned mismatch
  main.cpp
  Generating Code...
d:\dev\project\finalyrproject\finalyrproject\abmsimulator.cpp(748): warning C4715: 'abmSimulator::findInteractableAt': not all control paths return a value
  finalYrProject.vcxproj -> D:\dev\project\finalYrProject\x64\Debug\finalYrProject.exe
